[debug] [2020-02-10T11:56:14.355Z] ----------------------------------------------------------------------
[debug] [2020-02-10T11:56:14.357Z] Command:       C:\Program Files\nodejs\node.exe C:\Users\RIA-Admin\AppData\Roaming\npm\node_modules\firebase-tools\lib\bin\firebase.js deploy --only hosting:riaadvisory
[debug] [2020-02-10T11:56:14.357Z] CLI Version:   7.12.1
[debug] [2020-02-10T11:56:14.357Z] Platform:      win32
[debug] [2020-02-10T11:56:14.358Z] Node Version:  v12.14.1
[debug] [2020-02-10T11:56:14.359Z] Time:          Mon Feb 10 2020 17:26:14 GMT+0530 (India Standard Time)
[debug] [2020-02-10T11:56:14.359Z] ----------------------------------------------------------------------
[debug] [2020-02-10T11:56:14.359Z] 
[debug] [2020-02-10T11:56:14.370Z] > command requires scopes: ["email","openid","https://www.googleapis.com/auth/cloudplatformprojects.readonly","https://www.googleapis.com/auth/firebase","https://www.googleapis.com/auth/cloud-platform"]
[debug] [2020-02-10T11:56:14.370Z] > authorizing via signed-in user
[debug] [2020-02-10T11:56:14.370Z] [iam] checking project ria-advisory for permissions ["firebase.projects.get","firebasehosting.sites.update"]
[debug] [2020-02-10T11:56:14.372Z] >>> HTTP REQUEST POST https://cloudresourcemanager.googleapis.com/v1/projects/ria-advisory:testIamPermissions  

[debug] [2020-02-10T11:56:16.040Z] <<< HTTP RESPONSE 200
[debug] [2020-02-10T11:56:16.043Z] >>> HTTP REQUEST GET https://firebase.googleapis.com/v1beta1/projects/ria-advisory  
 
[debug] [2020-02-10T11:56:16.530Z] <<< HTTP RESPONSE 200
[info] 
[info] === Deploying to 'ria-advisory'...
[info] 
[info] i  deploying hosting
[info] 
[info] +  Deploy complete!
[info] 
[info] Project Console: https://console.firebase.google.com/project/ria-advisory/overview
[debug] [2020-02-10T11:56:16.798Z] TypeError: Cannot read property 'deploys' of undefined
    at C:\Users\RIA-Admin\AppData\Roaming\npm\node_modules\firebase-tools\lib\deploy\index.js:84:36
    at processTicksAndRejections (internal/process/task_queues.js:94:5)
[error] 
[error] Error: An unexpected error has occurred.
